
          -------------------------------------------------------
          Amber 14 SANDER                              2014
          -------------------------------------------------------

| Run on 10/14/2020 at 20:57:15

|   Executable path: sander.MPI
| Working directory: /home/dft003/Desktop/wyz
|          Hostname: Unknown
  [-O]verwriting output

File Assignments:
|  MDIN: md.in                                                                 
| MDOUT: ala12_md3.out                                                         
|INPCRD: ala12_md2.rst7                                                        
|  PARM: ala12.prmtop                                                          
|RESTRT: ala12_md3.rst7                                                        
|  REFC: refc                                                                  
| MDVEL: mdvel                                                                 
| MDFRC: mdfrc                                                                 
|  MDEN: mden                                                                  
| MDCRD: ala12_md3.nc                                                          
|MDINFO: mdinfo                                                                
|  MTMD: mtmd                                                                  
|INPDIP: inpdip                                                                
|RSTDIP: rstdip                                                                
|INPTRA: inptraj                                                               

|    REMLOG: rem.log
|   REMTYPE: rem.type
|  REMSTRIP: 
|   SAVEENE: saveene
|CLUSTERINF: cluster.info
| RESERVOIR: reserv/frame
|   REMDDIM: 

 
 Here is the input file:
 
Stage 3 production run of ALA12 at 300K                                        
&cntrl                                                                         
imin=0,irest=1,ntx=5,nstlim=500000,dt=0.002,ntc=2,ntf=2,ntt=3,gamma_ln=1.0,ig=-1,tempi=300.0,temp0=300.0,ntpr=500,ntwx=500,ntb=0,igb=1,cut=999.,rgbmax=999.,ioutfm=1
/                                                                              

--------------------------------------------------------------------------------
   1.  RESOURCE   USE: 
--------------------------------------------------------------------------------

| Flags: MPI                                                                    
| New format PARM file being parsed.
| Version =    1.000 Date = 10/14/20 Time = 18:45:51
 NATOM  =     123 NTYPES =       8 NBONH =      62 MBONA  =      60
 NTHETH =     136 MTHETA =      83 NPHIH =     249 MPHIA  =     233
 NHPARM =       0 NPARM  =       0 NNB   =     641 NRES   =      12
 NBONA  =      60 NTHETA =      83 NPHIA =     233 NUMBND =      12
 NUMANG =      23 NPTRA  =      20 NATYP =      11 NPHB   =       0
 IFBOX  =       0 NMXRS  =      12 IFCAP =       0 NEXTRA =       0
 NCOPY  =       0

 Implicit solvent radii are modified Bondi radii (mbondi)                                                   

|     Memory Use     Allocated
|     Real               12407
|     Hollerith            383
|     Integer            26501
|     Max Pairs              1
|     nblistReal             0
|     nblist Int             0
|       Total              201 kbytes

| Note: 1-4 EEL scale factors are being read from the topology file.

| Note: 1-4 VDW scale factors are being read from the topology file.
| Duplicated    0 dihedrals
| Duplicated    0 dihedrals
Note: ig = -1. Setting random seed to    76391 based on wallclock time in microseconds
      and disabling the synchronization of random numbers between tasks
      to improve performance.

--------------------------------------------------------------------------------
   2.  CONTROL  DATA  FOR  THE  RUN
--------------------------------------------------------------------------------

NALA                                                                            

General flags:
     imin    =       0, nmropt  =       0

Nature and format of input:
     ntx     =       5, irest   =       1, ntrx    =       1

Nature and format of output:
     ntxo    =       1, ntpr    =     500, ntrx    =       1, ntwr    =     500
     iwrap   =       0, ntwx    =     500, ntwv    =       0, ntwe    =       0
     ioutfm  =       1, ntwprt  =       0, idecomp =       0, rbornstat=      0

Potential function:
     ntf     =       2, ntb     =       0, igb     =       1, nsnb    =      25
     ipol    =       0, gbsa    =       0, iesp    =       0
     dielc   =   1.00000, cut     = 999.00000, intdiel =   1.00000
     saltcon =   0.00000, offset  =   0.09000, gbalpha=    1.00000
     gbbeta  =   0.00000, gbgamma =   0.00000, surften =   0.00500
     rdt     =   0.00000, rgbmax  = 999.00000  extdiel =  78.50000
     alpb  =        0

Frozen or restrained atoms:
     ibelly  =       0, ntr     =       0

Molecular dynamics:
     nstlim  =    500000, nscm    =      1000, nrespa  =         1
     t       =   0.00000, dt      =   0.00200, vlimit  =  20.00000

Langevin dynamics temperature regulation:
     ig      =   76391
     temp0   = 300.00000, tempi   = 300.00000, gamma_ln=   1.00000

SHAKE:
     ntc     =       2, jfastw  =       0
     tol     =   0.00001

| MPI Timing options:
|      profile_mpi =        0
|  INFO: Old style inpcrd file read


--------------------------------------------------------------------------------
   3.  ATOMIC COORDINATES AND VELOCITIES
--------------------------------------------------------------------------------

NALA                                                                            
 begin time read from input coords =  2020.000 ps

 Number of triangulated 3-point waters found:        0
|  Atom division among processors:
|         0      22      32      52      62      82      92     112
|       123
|  Running AMBER/MPI version on    8 nodes


--------------------------------------------------------------------------------
   4.  RESULTS
--------------------------------------------------------------------------------

|  # of SOLUTE  degrees of freedom (RNDFP):     307.
|  # of SOLVENT degrees of freedom (RNDFS):       0.
|  NDFMIN =     307.     NUM_NOSHAKE =      0     CORRECTED RNDFP =     307.
|  TOTAL # of degrees of freedom (RNDF) =     307.

 NSTEP =      500   TIME(PS) =    2021.000  TEMP(K) =   306.17  PRESS =     0.0
 Etot   =        42.2758  EKtot   =        93.3910  EPtot      =       -51.1151
 BOND   =        24.5431  ANGLE   =        58.2409  DIHED      =        89.3284
 1-4 NB =        25.7524  1-4 EEL =       864.1423  VDWAALS    =       -29.7636
 EELEC  =      -875.2848  EGB     =      -208.0737  RESTRAINT  =         0.0000
 ------------------------------------------------------------------------------

| RE_POSITION Moving by   0.431072 -0.597867  0.839427

 NSTEP =     1000   TIME(PS) =    2022.000  TEMP(K) =   307.88  PRESS =     0.0
 Etot   =        22.1280  EKtot   =        93.9140  EPtot      =       -71.7860
 BOND   =        12.5666  ANGLE   =        48.4035  DIHED      =        89.2096
 1-4 NB =        25.7301  1-4 EEL =       866.9879  VDWAALS    =       -35.9735
 EELEC  =      -864.9212  EGB     =      -213.7890  RESTRAINT  =         0.0000
 ------------------------------------------------------------------------------


 NSTEP =     1500   TIME(PS) =    2023.000  TEMP(K) =   279.56  PRESS =     0.0
 Etot   =        31.2109  EKtot   =        85.2742  EPtot      =       -54.0634
 BOND   =        27.2713  ANGLE   =        59.5498  DIHED      =        91.4024
 1-4 NB =        21.5363  1-4 EEL =       846.1005  VDWAALS    =       -36.3859
 EELEC  =      -849.5562  EGB     =      -213.9816  RESTRAINT  =         0.0000
 ------------------------------------------------------------------------------

| RE_POSITION Moving by  -2.302093 -1.376952 -0.728904

 NSTEP =     2000   TIME(PS) =    2024.000  TEMP(K) =   307.95  PRESS =     0.0
 Etot   =        29.0806  EKtot   =        93.9342  EPtot      =       -64.8537
 BOND   =        16.5314  ANGLE   =        54.2601  DIHED      =        86.1625
 1-4 NB =        27.7038  1-4 EEL =       867.7802  VDWAALS    =       -35.3926
 EELEC  =      -876.5128  EGB     =      -205.3862  RESTRAINT  =         0.0000
 ------------------------------------------------------------------------------


 NSTEP =     2500   TIME(PS) =    2025.000  TEMP(K) =   257.47  PRESS =     0.0
 Etot   =        42.3587  EKtot   =        78.5371  EPtot      =       -36.1784
 BOND   =        34.3823  ANGLE   =        66.2529  DIHED      =        91.9733
 1-4 NB =        22.7830  1-4 EEL =       857.0812  VDWAALS    =       -35.3754
 EELEC  =      -851.8055  EGB     =      -221.4704  RESTRAINT  =         0.0000
 ------------------------------------------------------------------------------

| RE_POSITION Moving by   1.775119  0.046714 -0.282332

 NSTEP =     3000   TIME(PS) =    2026.000  TEMP(K) =   274.39  PRESS =     0.0
 Etot   =        25.3279  EKtot   =        83.6994  EPtot      =       -58.3715
 BOND   =        15.2343  ANGLE   =        58.8133  DIHED      =        91.7270
 1-4 NB =        30.4647  1-4 EEL =       864.7808  VDWAALS    =       -38.3869
 EELEC  =      -859.4636  EGB     =      -221.5411  RESTRAINT  =         0.0000
 ------------------------------------------------------------------------------


 NSTEP =     3500   TIME(PS) =    2027.000  TEMP(K) =   273.00  PRESS =     0.0
 Etot   =        21.7559  EKtot   =        83.2750  EPtot      =       -61.5191
 BOND   =        25.3685  ANGLE   =        50.2198  DIHED      =        92.2057
 1-4 NB =        25.3575  1-4 EEL =       862.5441  VDWAALS    =       -37.8239
 EELEC  =      -860.5505  EGB     =      -218.8403  RESTRAINT  =         0.0000
 ------------------------------------------------------------------------------

| RE_POSITION Moving by  -0.623972 -0.027795 -0.180394

 NSTEP =     4000   TIME(PS) =    2028.000  TEMP(K) =   295.32  PRESS =     0.0
 Etot   =        25.1809  EKtot   =        90.0832  EPtot      =       -64.9022
 BOND   =        23.7950  ANGLE   =        57.6044  DIHED      =        92.4045
 1-4 NB =        18.6203  1-4 EEL =       856.4371  VDWAALS    =       -39.6019
 EELEC  =      -840.9010  EGB     =      -233.2606  RESTRAINT  =         0.0000
 ------------------------------------------------------------------------------


 NSTEP =     4500   TIME(PS) =    2029.000  TEMP(K) =   281.56  PRESS =     0.0
 Etot   =        27.7599  EKtot   =        85.8859  EPtot      =       -58.1260
 BOND   =        14.6577  ANGLE   =        62.3198  DIHED      =        92.8183
 1-4 NB =        26.3054  1-4 EEL =       869.7782  VDWAALS    =       -35.8682
 EELEC  =      -870.0118  EGB     =      -218.1254  RESTRAINT  =         0.0000
 ------------------------------------------------------------------------------

| RE_POSITION Moving by   0.185810 -0.442942 -0.467524

 NSTEP =     5000   TIME(PS) =    2030.000  TEMP(K) =   307.97  PRESS =     0.0
 Etot   =        39.1284  EKtot   =        93.9408  EPtot      =       -54.8124
 BOND   =        29.5515  ANGLE   =        55.3630  DIHED      =        89.7010
 1-4 NB =        24.9010  1-4 EEL =       861.0282  VDWAALS    =       -31.4131
 EELEC  =      -865.8019  EGB     =      -218.1420  RESTRAINT  =         0.0000
 ------------------------------------------------------------------------------


 NSTEP =     5500   TIME(PS) =    2031.000  TEMP(K) =   295.56  PRESS =     0.0
 Etot   =        35.9070  EKtot   =        90.1551  EPtot      =       -54.2481
 BOND   =        23.6134  ANGLE   =        58.6034  DIHED      =        92.5557
 1-4 NB =        22.9563  1-4 EEL =       863.1214  VDWAALS    =       -33.4488
 EELEC  =      -854.5536  EGB     =      -227.0959  RESTRAINT  =         0.0000
 ------------------------------------------------------------------------------

| RE_POSITION Moving by  -0.026458 -0.806197  0.332615

 NSTEP =     6000   TIME(PS) =    2032.000  TEMP(K) =   278.26  PRESS =     0.0
 Etot   =        29.3784  EKtot   =        84.8800  EPtot      =       -55.5016
 BOND   =        22.8274  ANGLE   =        59.3923  DIHED      =        88.1670
 1-4 NB =        26.4884  1-4 EEL =       854.9953  VDWAALS    =       -36.3328
 EELEC  =      -849.7001  EGB     =      -221.3390  RESTRAINT  =         0.0000
 ------------------------------------------------------------------------------


 NSTEP =     6500   TIME(PS) =    2033.000  TEMP(K) =   268.20  PRESS =     0.0
 Etot   =        41.2194  EKtot   =        81.8101  EPtot      =       -40.5907
 BOND   =        26.3955  ANGLE   =        64.8211  DIHED      =        88.4186
 1-4 NB =        27.4559  1-4 EEL =       862.7624  VDWAALS    =       -33.5981
 EELEC  =      -844.2469  EGB     =      -232.5993  RESTRAINT  =         0.0000
 ------------------------------------------------------------------------------

| RE_POSITION Moving by  -1.516969 -1.694899  0.735574

 NSTEP =     7000   TIME(PS) =    2034.000  TEMP(K) =   286.35  PRESS =     0.0
 Etot   =        46.2341  EKtot   =        87.3451  EPtot      =       -41.1110
 BOND   =        24.7227  ANGLE   =        57.8439  DIHED      =        91.0727
 1-4 NB =        26.2377  1-4 EEL =       865.1934  VDWAALS    =       -28.1670
 EELEC  =      -857.1465  EGB     =      -220.8679  RESTRAINT  =         0.0000
 ------------------------------------------------------------------------------


 NSTEP =     7500   TIME(PS) =    2035.000  TEMP(K) =   263.27  PRESS =     0.0
 Etot   =        32.1585  EKtot   =        80.3054  EPtot      =       -48.1469
 BOND   =        21.0507  ANGLE   =        59.6314  DIHED      =        87.9077
 1-4 NB =        26.6549  1-4 EEL =       863.5157  VDWAALS    =       -31.7506
 EELEC  =      -854.7249  EGB     =      -220.4318  RESTRAINT  =         0.0000
 ------------------------------------------------------------------------------

| RE_POSITION Moving by  -0.272468  0.093386 -0.766665

 NSTEP =     8000   TIME(PS) =    2036.000  TEMP(K) =   275.81  PRESS =     0.0
 Etot   =        38.5198  EKtot   =        84.1317  EPtot      =       -45.6119
 BOND   =        24.0506  ANGLE   =        58.5569  DIHED      =        88.8281
 1-4 NB =        25.0529  1-4 EEL =       861.9869  VDWAALS    =       -28.9683
 EELEC  =      -874.1248  EGB     =      -200.9941  RESTRAINT  =         0.0000
 ------------------------------------------------------------------------------


 NSTEP =     8500   TIME(PS) =    2037.000  TEMP(K) =   325.15  PRESS =     0.0
 Etot   =        64.9630  EKtot   =        99.1809  EPtot      =       -34.2179
 BOND   =        22.2241  ANGLE   =        68.4570  DIHED      =        87.9402
 1-4 NB =        28.7550  1-4 EEL =       854.4139  VDWAALS    =       -25.4627
 EELEC  =      -866.2803  EGB     =      -204.2651  RESTRAINT  =         0.0000
 ------------------------------------------------------------------------------

| RE_POSITION Moving by   0.110717 -0.805042  1.447320

 NSTEP =     9000   TIME(PS) =    2038.000  TEMP(K) =   296.92  PRESS =     0.0
 Etot   =        48.9538  EKtot   =        90.5718  EPtot      =       -41.6181
 BOND   =        27.0194  ANGLE   =        58.6072  DIHED      =        89.3721
 1-4 NB =        27.2514  1-4 EEL =       857.3121  VDWAALS    =       -29.7957
 EELEC  =      -854.9656  EGB     =      -216.4189  RESTRAINT  =         0.0000
 ------------------------------------------------------------------------------


 NSTEP =     9500   TIME(PS) =    2039.000  TEMP(K) =   303.96  PRESS =     0.0
 Etot   =        52.0035  EKtot   =        92.7194  EPtot      =       -40.7159
 BOND   =        23.6317  ANGLE   =        62.6360  DIHED      =        90.5139
 1-4 NB =        31.2978  1-4 EEL =       859.9356  VDWAALS    =       -28.4609
 EELEC  =      -871.3814  EGB     =      -208.8884  RESTRAINT  =         0.0000
 ------------------------------------------------------------------------------

| RE_POSITION Moving by  -0.244976  0.101759 -1.075042

 NSTEP =    10000   TIME(PS) =    2040.000  TEMP(K) =   282.89  PRESS =     0.0
 Etot   =        45.8850  EKtot   =        86.2914  EPtot      =       -40.4064
 BOND   =        25.4815  ANGLE   =        56.8642  DIHED      =        88.7450
 1-4 NB =        26.2730  1-4 EEL =       865.3475  VDWAALS    =       -25.6433
 EELEC  =      -862.4107  EGB     =      -215.0637  RESTRAINT  =         0.0000
 ------------------------------------------------------------------------------


 NSTEP =    10500   TIME(PS) =    2041.000  TEMP(K) =   300.31  PRESS =     0.0
 Etot   =        41.5414  EKtot   =        91.6061  EPtot      =       -50.0648
 BOND   =        20.8618  ANGLE   =        59.0426  DIHED      =        89.3816
 1-4 NB =        27.9140  1-4 EEL =       872.5958  VDWAALS    =       -25.8825
 EELEC  =      -886.7837  EGB     =      -207.1943  RESTRAINT  =         0.0000
 ------------------------------------------------------------------------------

| RE_POSITION Moving by  -0.268229 -0.895930  0.027345

 NSTEP =    11000   TIME(PS) =    2042.000  TEMP(K) =   337.29  PRESS =     0.0
 Etot   =        53.2839  EKtot   =       102.8861  EPtot      =       -49.6022
 BOND   =        19.9594  ANGLE   =        60.1905  DIHED      =        89.9325
 1-4 NB =        23.9247  1-4 EEL =       855.6246  VDWAALS    =       -30.6152
 EELEC  =      -848.0333  EGB     =      -220.5855  RESTRAINT  =         0.0000
 ------------------------------------------------------------------------------


 NSTEP =    11500   TIME(PS) =    2043.000  TEMP(K) =   265.31  PRESS =     0.0
 Etot   =        35.2385  EKtot   =        80.9300  EPtot      =       -45.6915
 BOND   =        29.3078  ANGLE   =        55.6870  DIHED      =        85.9589
 1-4 NB =        23.6206  1-4 EEL =       860.2866  VDWAALS    =       -27.9811
 EELEC  =      -847.2036  EGB     =      -225.3677  RESTRAINT  =         0.0000
 ------------------------------------------------------------------------------

| RE_POSITION Moving by  -0.531297 -0.174472 -0.022693

 NSTEP =    12000   TIME(PS) =    2044.000  TEMP(K) =   310.12  PRESS =     0.0
 Etot   =        52.9082  EKtot   =        94.5964  EPtot      =       -41.6882
 BOND   =        29.4564  ANGLE   =        58.3751  DIHED      =        89.6713
 1-4 NB =        25.0295  1-4 EEL =       854.6606  VDWAALS    =       -28.0781
 EELEC  =      -860.9340  EGB     =      -209.8690  RESTRAINT  =         0.0000
 ------------------------------------------------------------------------------


 NSTEP =    12500   TIME(PS) =    2045.000  TEMP(K) =   299.39  PRESS =     0.0
 Etot   =        52.8692  EKtot   =        91.3231  EPtot      =       -38.4538
 BOND   =        27.1932  ANGLE   =        56.7039  DIHED      =        91.8561
 1-4 NB =        26.2815  1-4 EEL =       861.8437  VDWAALS    =       -25.9482
 EELEC  =      -855.8875  EGB     =      -220.4964  RESTRAINT  =         0.0000
 ------------------------------------------------------------------------------

| RE_POSITION Moving by   0.014692  0.646950 -0.674479

 NSTEP =    13000   TIME(PS) =    2046.000  TEMP(K) =   277.76  PRESS =     0.0
 Etot   =        40.7434  EKtot   =        84.7248  EPtot      =       -43.9814
 BOND   =        19.0415  ANGLE   =        63.6597  DIHED      =        95.8418
 1-4 NB =        23.2988  1-4 EEL =       858.2451  VDWAALS    =       -30.9835
 EELEC  =      -849.8227  EGB     =      -223.2623  RESTRAINT  =         0.0000
 ------------------------------------------------------------------------------


 NSTEP =    13500   TIME(PS) =    2047.000  TEMP(K) =   300.20  PRESS =     0.0
 Etot   =        38.9604  EKtot   =        91.5716  EPtot      =       -52.6112
 BOND   =        18.5640  ANGLE   =        62.0330  DIHED      =        92.1243
 1-4 NB =        24.2480  1-4 EEL =       863.1600  VDWAALS    =       -38.8597
 EELEC  =      -859.8692  EGB     =      -214.0115  RESTRAINT  =         0.0000
 ------------------------------------------------------------------------------

| RE_POSITION Moving by   0.721034  1.103757  2.540571

 NSTEP =    14000   TIME(PS) =    2048.000  TEMP(K) =   313.26  PRESS =     0.0
 Etot   =        38.3794  EKtot   =        95.5557  EPtot      =       -57.1763
 BOND   =        25.1409  ANGLE   =        51.2250  DIHED      =        97.4053
 1-4 NB =        26.2459  1-4 EEL =       857.5747  VDWAALS    =       -36.1269
 EELEC  =      -865.8696  EGB     =      -212.7715  RESTRAINT  =         0.0000
 ------------------------------------------------------------------------------


 NSTEP =    14500   TIME(PS) =    2049.000  TEMP(K) =   311.56  PRESS =     0.0
 Etot   =        33.7747  EKtot   =        95.0358  EPtot      =       -61.2611
 BOND   =        23.0795  ANGLE   =        50.5369  DIHED      =        95.4271
 1-4 NB =        27.6591  1-4 EEL =       864.8491  VDWAALS    =       -34.9325
 EELEC  =      -866.2130  EGB     =      -221.6674  RESTRAINT  =         0.0000
 ------------------------------------------------------------------------------

| RE_POSITION Moving by   0.707080 -2.089620 -1.271734

 NSTEP =    15000   TIME(PS) =    2050.000  TEMP(K) =   293.38  PRESS =     0.0
 Etot   =        43.3858  EKtot   =        89.4920  EPtot      =       -46.1062
 BOND   =        25.3766  ANGLE   =        59.6135  DIHED      =        89.9982
 1-4 NB =        24.8547  1-4 EEL =       860.8866  VDWAALS    =       -31.6297
 EELEC  =      -868.3109  EGB     =      -206.8952  RESTRAINT  =         0.0000
 ------------------------------------------------------------------------------


 NSTEP =    15500   TIME(PS) =    2051.000  TEMP(K) =   308.84  PRESS =     0.0
 Etot   =        49.3586  EKtot   =        94.2071  EPtot      =       -44.8484
 BOND   =        26.9800  ANGLE   =        60.1998  DIHED      =        91.0961
 1-4 NB =        23.2281  1-4 EEL =       851.2386  VDWAALS    =       -27.6856
 EELEC  =      -859.5198  EGB     =      -210.3857  RESTRAINT  =         0.0000
 ------------------------------------------------------------------------------

| RE_POSITION Moving by   0.705448 -0.920156 -3.395655

 NSTEP =    16000   TIME(PS) =    2052.000  TEMP(K) =   324.72  PRESS =     0.0
 Etot   =        39.2403  EKtot   =        99.0495  EPtot      =       -59.8092
 BOND   =        27.4189  ANGLE   =        46.6530  DIHED      =        92.7016
 1-4 NB =        25.7036  1-4 EEL =       856.2508  VDWAALS    =       -31.8845
 EELEC  =      -861.4531  EGB     =      -215.1994  RESTRAINT  =         0.0000
 ------------------------------------------------------------------------------


 NSTEP =    16500   TIME(PS) =    2053.000  TEMP(K) =   307.19  PRESS =     0.0
 Etot   =        49.4251  EKtot   =        93.7032  EPtot      =       -44.2781
 BOND   =        18.2715  ANGLE   =        63.4190  DIHED      =        88.6424
 1-4 NB =        25.4535  1-4 EEL =       862.3765  VDWAALS    =       -30.4912
 EELEC  =      -858.5188  EGB     =      -213.4311  RESTRAINT  =         0.0000
 ------------------------------------------------------------------------------

| RE_POSITION Moving by  -0.872604 -0.263872 -1.372436

 NSTEP =    17000   TIME(PS) =    2054.000  TEMP(K) =   315.51  PRESS =     0.0
 Etot   =        64.5187  EKtot   =        96.2421  EPtot      =       -31.7234
 BOND   =        26.5446  ANGLE   =        74.1613  DIHED      =        88.1542
 1-4 NB =        25.9233  1-4 EEL =       849.5495  VDWAALS    =       -30.2089
 EELEC  =      -859.5808  EGB     =      -206.2665  RESTRAINT  =         0.0000
 ------------------------------------------------------------------------------


 NSTEP =    17500   TIME(PS) =    2055.000  TEMP(K) =   299.87  PRESS =     0.0
 Etot   =        49.0810  EKtot   =        91.4718  EPtot      =       -42.3908
 BOND   =        23.2501  ANGLE   =        58.2570  DIHED      =        94.2818
 1-4 NB =        25.8682  1-4 EEL =       854.7914  VDWAALS    =       -28.3736
 EELEC  =      -856.9156  EGB     =      -213.5502  RESTRAINT  =         0.0000
 ------------------------------------------------------------------------------

| RE_POSITION Moving by  -0.503899  2.280330 -1.819269

 NSTEP =    18000   TIME(PS) =    2056.000  TEMP(K) =   301.97  PRESS =     0.0
 Etot   =        43.8556  EKtot   =        92.1120  EPtot      =       -48.2564
 BOND   =        23.4388  ANGLE   =        58.9558  DIHED      =        93.1473
 1-4 NB =        24.0400  1-4 EEL =       857.7712  VDWAALS    =       -32.3966
 EELEC  =      -852.1140  EGB     =      -221.0989  RESTRAINT  =         0.0000
 ------------------------------------------------------------------------------


 NSTEP =    18500   TIME(PS) =    2057.000  TEMP(K) =   304.51  PRESS =     0.0
 Etot   =        34.9734  EKtot   =        92.8855  EPtot      =       -57.9120
 BOND   =        21.3176  ANGLE   =        49.8038  DIHED      =        89.9724
 1-4 NB =        25.8651  1-4 EEL =       863.3639  VDWAALS    =       -28.0788
 EELEC  =      -879.0880  EGB     =      -201.0681  RESTRAINT  =         0.0000
 ------------------------------------------------------------------------------

| RE_POSITION Moving by   0.082295  1.655972 -0.761163

 NSTEP =    19000   TIME(PS) =    2058.000  TEMP(K) =   337.82  PRESS =     0.0
 Etot   =        48.3828  EKtot   =       103.0466  EPtot      =       -54.6638
 BOND   =        22.8848  ANGLE   =        55.1282  DIHED      =        88.6484
 1-4 NB =        26.4646  1-4 EEL =       861.7699  VDWAALS    =       -33.4945
 EELEC  =      -867.2464  EGB     =      -208.8189  RESTRAINT  =         0.0000
 ------------------------------------------------------------------------------


 NSTEP =    19500   TIME(PS) =    2059.000  TEMP(K) =   299.96  PRESS =     0.0
 Etot   =        43.0586  EKtot   =        91.4989  EPtot      =       -48.4403
 BOND   =        20.6858  ANGLE   =        53.0575  DIHED      =        91.9735
 1-4 NB =        27.0880  1-4 EEL =       868.2336  VDWAALS    =       -28.6135
 EELEC  =      -871.8300  EGB     =      -209.0351  RESTRAINT  =         0.0000
 ------------------------------------------------------------------------------

| RE_POSITION Moving by   0.362891 -1.015031 -0.245619

 NSTEP =    20000   TIME(PS) =    2060.000  TEMP(K) =   300.41  PRESS =     0.0
 Etot   =        45.0303  EKtot   =        91.6364  EPtot      =       -46.6060
 BOND   =        28.4762  ANGLE   =        56.1375  DIHED      =        85.8546
 1-4 NB =        26.3617  1-4 EEL =       852.1835  VDWAALS    =       -31.5773
 EELEC  =      -850.5868  EGB     =      -213.4554  RESTRAINT  =         0.0000
 ------------------------------------------------------------------------------


 NSTEP =    20500   TIME(PS) =    2061.000  TEMP(K) =   303.28  PRESS =     0.0
 Etot   =        52.8266  EKtot   =        92.5096  EPtot      =       -39.6829
 BOND   =        20.2323  ANGLE   =        66.0502  DIHED      =        91.5369
 1-4 NB =        28.3133  1-4 EEL =       849.7115  VDWAALS    =       -26.9328
 EELEC  =      -861.0531  EGB     =      -207.5412  RESTRAINT  =         0.0000
 ------------------------------------------------------------------------------

| RE_POSITION Moving by  -0.148642 -1.005272 -0.793357

 NSTEP =    21000   TIME(PS) =    2062.000  TEMP(K) =   325.69  PRESS =     0.0
 Etot   =        66.9033  EKtot   =        99.3469  EPtot      =       -32.4436
 BOND   =        28.9302  ANGLE   =        62.9569  DIHED      =        89.1866
 1-4 NB =        28.6189  1-4 EEL =       857.9978  VDWAALS    =       -29.6607
 EELEC  =      -859.5684  EGB     =      -210.9050  RESTRAINT  =         0.0000
 ------------------------------------------------------------------------------


 NSTEP =    21500   TIME(PS) =    2063.000  TEMP(K) =   319.26  PRESS =     0.0
 Etot   =        59.2236  EKtot   =        97.3853  EPtot      =       -38.1617
 BOND   =        33.2009  ANGLE   =        65.6377  DIHED      =        88.2645
 1-4 NB =        22.5308  1-4 EEL =       862.1523  VDWAALS    =       -36.9023
 EELEC  =      -852.6947  EGB     =      -220.3508  RESTRAINT  =         0.0000
 ------------------------------------------------------------------------------

| RE_POSITION Moving by   0.051033 -0.155771  0.714040

 NSTEP =    22000   TIME(PS) =    2064.000  TEMP(K) =   305.52  PRESS =     0.0
 Etot   =        54.8758  EKtot   =        93.1951  EPtot      =       -38.3193
 BOND   =        26.9163  ANGLE   =        60.1705  DIHED      =        89.0590
 1-4 NB =        27.5406  1-4 EEL =       862.9157  VDWAALS    =       -33.4700
 EELEC  =      -851.0762  EGB     =      -220.3752  RESTRAINT  =         0.0000
 ------------------------------------------------------------------------------


 NSTEP =    22500   TIME(PS) =    2065.000  TEMP(K) =   315.15  PRESS =     0.0
 Etot   =        35.3901  EKtot   =        96.1322  EPtot      =       -60.7420
 BOND   =        27.2267  ANGLE   =        45.9899  DIHED      =        98.3098
 1-4 NB =        21.9585  1-4 EEL =       852.2592  VDWAALS    =       -36.2619
 EELEC  =      -847.8831  EGB     =      -222.3412  RESTRAINT  =         0.0000
 ------------------------------------------------------------------------------

| RE_POSITION Moving by  -1.453700 -1.877710  0.569024

 NSTEP =    23000   TIME(PS) =    2066.000  TEMP(K) =   258.18  PRESS =     0.0
 Etot   =        25.1200  EKtot   =        78.7522  EPtot      =       -53.6322
 BOND   =        23.6685  ANGLE   =        53.4921  DIHED      =        96.3231
 1-4 NB =        23.2333  1-4 EEL =       853.8765  VDWAALS    =       -36.9191
 EELEC  =      -849.2144  EGB     =      -218.0922  RESTRAINT  =         0.0000
 ------------------------------------------------------------------------------


 NSTEP =    23500   TIME(PS) =    2067.000  TEMP(K) =   324.32  PRESS =     0.0
 Etot   =        43.6221  EKtot   =        98.9286  EPtot      =       -55.3065
 BOND   =        17.9292  ANGLE   =        61.8555  DIHED      =        91.2601
 1-4 NB =        25.4816  1-4 EEL =       866.6252  VDWAALS    =       -41.7612
 EELEC  =      -839.9080  EGB     =      -236.7888  RESTRAINT  =         0.0000
 ------------------------------------------------------------------------------

| RE_POSITION Moving by  -0.251906  0.012025  0.165727

 NSTEP =    24000   TIME(PS) =    2068.000  TEMP(K) =   319.33  PRESS =     0.0
 Etot   =        56.3984  EKtot   =        97.4071  EPtot      =       -41.0088
 BOND   =        22.5245  ANGLE   =        72.6341  DIHED      =        98.9665
 1-4 NB =        22.6387  1-4 EEL =       848.8395  VDWAALS    =       -41.6597
 EELEC  =      -830.9296  EGB     =      -234.0227  RESTRAINT  =         0.0000
 ------------------------------------------------------------------------------


 NSTEP =    24500   TIME(PS) =    2069.000  TEMP(K) =   307.28  PRESS =     0.0
 Etot   =        39.0252  EKtot   =        93.7312  EPtot      =       -54.7060
 BOND   =        23.4590  ANGLE   =        60.3754  DIHED      =        90.7037
 1-4 NB =        22.7044  1-4 EEL =       856.1759  VDWAALS    =       -33.4224
 EELEC  =      -842.3252  EGB     =      -232.3768  RESTRAINT  =         0.0000
 ------------------------------------------------------------------------------

| RE_POSITION Moving by  -1.359621  1.246112  0.138694

 NSTEP =    25000   TIME(PS) =    2070.000  TEMP(K) =   329.83  PRESS =     0.0
 Etot   =        31.5492  EKtot   =       100.6087  EPtot      =       -69.0594
 BOND   =        17.1409  ANGLE   =        51.9530  DIHED      =        91.7921
 1-4 NB =        26.4338  1-4 EEL =       859.6143  VDWAALS    =       -42.9000
 EELEC  =      -854.3288  EGB     =      -218.7647  RESTRAINT  =         0.0000
 ------------------------------------------------------------------------------


 NSTEP =    25500   TIME(PS) =    2071.000  TEMP(K) =   306.38  PRESS =     0.0
 Etot   =        30.7317  EKtot   =        93.4562  EPtot      =       -62.7246
 BOND   =        20.1729  ANGLE   =        50.6431  DIHED      =        96.5861
 1-4 NB =        26.3687  1-4 EEL =       864.0542  VDWAALS    =       -38.7821
 EELEC  =      -863.5733  EGB     =      -218.1941  RESTRAINT  =         0.0000
 ------------------------------------------------------------------------------

| RE_POSITION Moving by  -0.301454 -0.715887  0.133278

 NSTEP =    26000   TIME(PS) =    2072.000  TEMP(K) =   298.66  PRESS =     0.0
 Etot   =        30.2661  EKtot   =        91.1003  EPtot      =       -60.8342
 BOND   =        21.1751  ANGLE   =        51.4950  DIHED      =        98.5787
 1-4 NB =        22.4822  1-4 EEL =       860.1878  VDWAALS    =       -40.6492
 EELEC  =      -849.5227  EGB     =      -224.5812  RESTRAINT  =         0.0000
 ------------------------------------------------------------------------------


 NSTEP =    26500   TIME(PS) =    2073.000  TEMP(K) =   319.94  PRESS =     0.0
 Etot   =        32.7987  EKtot   =        97.5910  EPtot      =       -64.7923
 BOND   =        21.9725  ANGLE   =        48.2009  DIHED      =        96.7364
 1-4 NB =        22.0728  1-4 EEL =       863.5532  VDWAALS    =       -37.3856
 EELEC  =      -850.9117  EGB     =      -229.0308  RESTRAINT  =         0.0000
 ------------------------------------------------------------------------------

| RE_POSITION Moving by   0.403412  0.890864 -0.368821

 NSTEP =    27000   TIME(PS) =    2074.000  TEMP(K) =   272.73  PRESS =     0.0
 Etot   =        16.6577  EKtot   =        83.1914  EPtot      =       -66.5337
 BOND   =        16.7051  ANGLE   =        54.9534  DIHED      =        90.6639
 1-4 NB =        25.7206  1-4 EEL =       862.3400  VDWAALS    =       -39.8272
 EELEC  =      -855.0136  EGB     =      -222.0759  RESTRAINT  =         0.0000
 ------------------------------------------------------------------------------


 NSTEP =    27500   TIME(PS) =    2075.000  TEMP(K) =   280.81  PRESS =     0.0
 Etot   =        23.7381  EKtot   =        85.6555  EPtot      =       -61.9173
 BOND   =        22.0781  ANGLE   =        49.9412  DIHED      =        98.9355
 1-4 NB =        22.1736  1-4 EEL =       858.4526  VDWAALS    =       -38.8689
 EELEC  =      -842.1716  EGB     =      -232.4578  RESTRAINT  =         0.0000
 ------------------------------------------------------------------------------

| RE_POSITION Moving by   0.204127  0.311894  0.287184

 NSTEP =    28000   TIME(PS) =    2076.000  TEMP(K) =   279.79  PRESS =     0.0
 Etot   =        29.1832  EKtot   =        85.3463  EPtot      =       -56.1632
 BOND   =        18.8521  ANGLE   =        56.3930  DIHED      =        93.2379
 1-4 NB =        23.2244  1-4 EEL =       855.4901  VDWAALS    =       -30.0905
 EELEC  =      -843.3119  EGB     =      -229.9583  RESTRAINT  =         0.0000
 ------------------------------------------------------------------------------


 NSTEP =    28500   TIME(PS) =    2077.000  TEMP(K) =   336.28  PRESS =     0.0
 Etot   =        52.0927  EKtot   =       102.5774  EPtot      =       -50.4847
 BOND   =        23.7132  ANGLE   =        50.1803  DIHED      =        89.8580
 1-4 NB =        26.4476  1-4 EEL =       867.6764  VDWAALS    =       -28.1714
 EELEC  =      -852.7571  EGB     =      -227.4318  RESTRAINT  =         0.0000
 ------------------------------------------------------------------------------

| RE_POSITION Moving by  -1.077311 -1.404029 -0.272064

 NSTEP =    29000   TIME(PS) =    2078.000  TEMP(K) =   304.64  PRESS =     0.0
 Etot   =        44.9214  EKtot   =        92.9263  EPtot      =       -48.0049
 BOND   =        23.1970  ANGLE   =        59.3040  DIHED      =        86.8283
 1-4 NB =        27.0825  1-4 EEL =       864.9180  VDWAALS    =       -32.4368
 EELEC  =      -863.0127  EGB     =      -213.8852  RESTRAINT  =         0.0000
 ------------------------------------------------------------------------------


 NSTEP =    29500   TIME(PS) =    2079.000  TEMP(K) =   267.52  PRESS =     0.0
 Etot   =        34.4949  EKtot   =        81.6042  EPtot      =       -47.1093
 BOND   =        25.6829  ANGLE   =        55.4702  DIHED      =        92.9718
 1-4 NB =        27.0947  1-4 EEL =       866.5345  VDWAALS    =       -34.4822
 EELEC  =      -866.0616  EGB     =      -214.3195  RESTRAINT  =         0.0000
 ------------------------------------------------------------------------------

| RE_POSITION Moving by  -1.551403 -1.048306 -0.364017

 NSTEP =    30000   TIME(PS) =    2080.000  TEMP(K) =   311.80  PRESS =     0.0
 Etot   =        42.4831  EKtot   =        95.1105  EPtot      =       -52.6275
 BOND   =        14.9776  ANGLE   =        57.5989  DIHED      =        92.0234
 1-4 NB =        29.8221  1-4 EEL =       866.7826  VDWAALS    =       -29.2701
 EELEC  =      -866.4204  EGB     =      -218.1416  RESTRAINT  =         0.0000
 ------------------------------------------------------------------------------


 NSTEP =    30500   TIME(PS) =    2081.000  TEMP(K) =   337.11  PRESS =     0.0
 Etot   =        48.8693  EKtot   =       102.8291  EPtot      =       -53.9598
 BOND   =        23.8948  ANGLE   =        52.9216  DIHED      =        92.9084
 1-4 NB =        24.4921  1-4 EEL =       861.4495  VDWAALS    =       -34.2384
 EELEC  =      -850.6891  EGB     =      -224.6987  RESTRAINT  =         0.0000
 ------------------------------------------------------------------------------

| RE_POSITION Moving by  -0.483775 -0.450306  0.163749

 NSTEP =    31000   TIME(PS) =    2082.000  TEMP(K) =   321.98  PRESS =     0.0
 Etot   =        44.3169  EKtot   =        98.2135  EPtot      =       -53.8966
 BOND   =        29.6701  ANGLE   =        49.5260  DIHED      =        92.0383
 1-4 NB =        24.7426  1-4 EEL =       852.2961  VDWAALS    =       -35.0455
 EELEC  =      -847.8975  EGB     =      -219.2267  RESTRAINT  =         0.0000
 ------------------------------------------------------------------------------


 NSTEP =    31500   TIME(PS) =    2083.000  TEMP(K) =   279.52  PRESS =     0.0
 Etot   =        41.3957  EKtot   =        85.2631  EPtot      =       -43.8674
 BOND   =        26.6340  ANGLE   =        56.8958  DIHED      =        91.5336
 1-4 NB =        26.0206  1-4 EEL =       863.9808  VDWAALS    =       -32.3954
 EELEC  =      -863.6764  EGB     =      -212.8606  RESTRAINT  =         0.0000
 ------------------------------------------------------------------------------

| RE_POSITION Moving by   0.172203  1.099131  0.624309

 NSTEP =    32000   TIME(PS) =    2084.000  TEMP(K) =   332.28  PRESS =     0.0
 Etot   =        35.0128  EKtot   =       101.3564  EPtot      =       -66.3436
 BOND   =        19.2018  ANGLE   =        46.4124  DIHED      =        89.4865
 1-4 NB =        26.1825  1-4 EEL =       856.7428  VDWAALS    =       -33.7487
 EELEC  =      -858.5384  EGB     =      -212.0825  RESTRAINT  =         0.0000
 ------------------------------------------------------------------------------


 NSTEP =    32500   TIME(PS) =    2085.000  TEMP(K) =   275.01  PRESS =     0.0
 Etot   =        15.6066  EKtot   =        83.8865  EPtot      =       -68.2799
 BOND   =        17.8712  ANGLE   =        51.5962  DIHED      =        98.2071
 1-4 NB =        21.5529  1-4 EEL =       866.0297  VDWAALS    =       -36.2977
 EELEC  =      -866.0281  EGB     =      -221.2112  RESTRAINT  =         0.0000
 ------------------------------------------------------------------------------

| RE_POSITION Moving by  -0.589383 -0.693022 -0.315381

 NSTEP =    33000   TIME(PS) =    2086.000  TEMP(K) =   255.77  PRESS =     0.0
 Etot   =        18.7882  EKtot   =        78.0170  EPtot      =       -59.2289
 BOND   =        21.4374  ANGLE   =        57.7398  DIHED      =        84.9573
 1-4 NB =        23.4261  1-4 EEL =       861.0171  VDWAALS    =       -35.3180
 EELEC  =      -864.9978  EGB     =      -207.4909  RESTRAINT  =         0.0000
 ------------------------------------------------------------------------------


 NSTEP =    33500   TIME(PS) =    2087.000  TEMP(K) =   307.62  PRESS =     0.0
 Etot   =        27.9984  EKtot   =        93.8357  EPtot      =       -65.8372
 BOND   =        19.8577  ANGLE   =        55.0174  DIHED      =        91.3685
 1-4 NB =        21.4154  1-4 EEL =       853.1122  VDWAALS    =       -36.5925
 EELEC  =      -853.7920  EGB     =      -216.2240  RESTRAINT  =         0.0000
 ------------------------------------------------------------------------------

| RE_POSITION Moving by  -0.642809 -1.172041 -0.929246

 NSTEP =    34000   TIME(PS) =    2088.000  TEMP(K) =   276.30  PRESS =     0.0
 Etot   =        37.2890  EKtot   =        84.2819  EPtot      =       -46.9929
 BOND   =        29.7010  ANGLE   =        53.2918  DIHED      =        95.3815
 1-4 NB =        24.6547  1-4 EEL =       864.8214  VDWAALS    =       -35.5354
 EELEC  =      -854.7427  EGB     =      -224.5651  RESTRAINT  =         0.0000
 ------------------------------------------------------------------------------


 NSTEP =    34500   TIME(PS) =    2089.000  TEMP(K) =   262.23  PRESS =     0.0
 Etot   =        41.4554  EKtot   =        79.9886  EPtot      =       -38.5332
 BOND   =        25.3742  ANGLE   =        73.5776  DIHED      =        95.8636
 1-4 NB =        19.9609  1-4 EEL =       850.0051  VDWAALS    =       -37.0096
 EELEC  =      -844.6369  EGB     =      -221.6680  RESTRAINT  =         0.0000
 ------------------------------------------------------------------------------

| RE_POSITION Moving by  -0.502106 -0.252860  1.455083

 NSTEP =    35000   TIME(PS) =    2090.000  TEMP(K) =   282.66  PRESS =     0.0
 Etot   =        38.0985  EKtot   =        86.2209  EPtot      =       -48.1223
 BOND   =        33.5422  ANGLE   =        51.2695  DIHED      =        89.7584
 1-4 NB =        23.5186  1-4 EEL =       854.6719  VDWAALS    =       -31.3091
 EELEC  =      -859.2476  EGB     =      -210.3263  RESTRAINT  =         0.0000
 ------------------------------------------------------------------------------


 NSTEP =    35500   TIME(PS) =    2091.000  TEMP(K) =   281.20  PRESS =     0.0
 Etot   =        35.1651  EKtot   =        85.7749  EPtot      =       -50.6098
 BOND   =        25.7668  ANGLE   =        57.7302  DIHED      =        90.7062
 1-4 NB =        25.0828  1-4 EEL =       856.4509  VDWAALS    =       -31.0608
 EELEC  =      -867.5437  EGB     =      -207.7422  RESTRAINT  =         0.0000
 ------------------------------------------------------------------------------

| RE_POSITION Moving by  -1.002337  2.970549 -0.082467

 NSTEP =    36000   TIME(PS) =    2092.000  TEMP(K) =   264.31  PRESS =     0.0
 Etot   =        32.9589  EKtot   =        80.6238  EPtot      =       -47.6649
 BOND   =        24.6060  ANGLE   =        59.7170  DIHED      =        86.7314
 1-4 NB =        25.3060  1-4 EEL =       869.7338  VDWAALS    =       -29.9480
 EELEC  =      -876.8127  EGB     =      -206.9984  RESTRAINT  =         0.0000
 ------------------------------------------------------------------------------


 NSTEP =    36500   TIME(PS) =    2093.000  TEMP(K) =   323.40  PRESS =     0.0
 Etot   =        51.4001  EKtot   =        98.6473  EPtot      =       -47.2472
 BOND   =        30.7432  ANGLE   =        54.4947  DIHED      =        88.1646
 1-4 NB =        26.0417  1-4 EEL =       857.0076  VDWAALS    =       -27.5789
 EELEC  =      -875.8434  EGB     =      -200.2766  RESTRAINT  =         0.0000
 ------------------------------------------------------------------------------

| RE_POSITION Moving by   1.530398 -0.842443 -0.994627

 NSTEP =    37000   TIME(PS) =    2094.000  TEMP(K) =   280.59  PRESS =     0.0
 Etot   =        37.4682  EKtot   =        85.5896  EPtot      =       -48.1214
 BOND   =        19.6664  ANGLE   =        55.5283  DIHED      =        91.7194
 1-4 NB =        29.1413  1-4 EEL =       869.4159  VDWAALS    =       -29.9328
 EELEC  =      -885.6849  EGB     =      -197.9749  RESTRAINT  =         0.0000
 ------------------------------------------------------------------------------


 NSTEP =    37500   TIME(PS) =    2095.000  TEMP(K) =   285.47  PRESS =     0.0
 Etot   =        38.6097  EKtot   =        87.0791  EPtot      =       -48.4693
 BOND   =        23.0967  ANGLE   =        65.7823  DIHED      =        87.4995
 1-4 NB =        23.6023  1-4 EEL =       850.7366  VDWAALS    =       -31.9375
 EELEC  =      -852.9976  EGB     =      -214.2516  RESTRAINT  =         0.0000
 ------------------------------------------------------------------------------

| RE_POSITION Moving by   1.049523  1.459699 -0.442833

 NSTEP =    38000   TIME(PS) =    2096.000  TEMP(K) =   307.38  PRESS =     0.0
 Etot   =        35.8124  EKtot   =        93.7601  EPtot      =       -57.9477
 BOND   =        29.5144  ANGLE   =        52.7471  DIHED      =        86.6021
 1-4 NB =        23.8851  1-4 EEL =       861.5592  VDWAALS    =       -34.4200
 EELEC  =      -866.9831  EGB     =      -210.8525  RESTRAINT  =         0.0000
 ------------------------------------------------------------------------------


 NSTEP =    38500   TIME(PS) =    2097.000  TEMP(K) =   292.83  PRESS =     0.0
 Etot   =        52.4935  EKtot   =        89.3235  EPtot      =       -36.8300
 BOND   =        21.1761  ANGLE   =        66.2834  DIHED      =        95.4410
 1-4 NB =        24.5676  1-4 EEL =       866.7007  VDWAALS    =       -29.7889
 EELEC  =      -868.8088  EGB     =      -212.4012  RESTRAINT  =         0.0000
 ------------------------------------------------------------------------------

| RE_POSITION Moving by   0.796007  1.592596  0.508371

 NSTEP =    39000   TIME(PS) =    2098.000  TEMP(K) =   285.58  PRESS =     0.0
 Etot   =        59.9531  EKtot   =        87.1115  EPtot      =       -27.1583
 BOND   =        32.7108  ANGLE   =        66.7108  DIHED      =        91.4406
 1-4 NB =        27.2361  1-4 EEL =       852.5502  VDWAALS    =       -27.4552
 EELEC  =      -869.2889  EGB     =      -201.0628  RESTRAINT  =         0.0000
 ------------------------------------------------------------------------------


 NSTEP =    39500   TIME(PS) =    2099.000  TEMP(K) =   339.87  PRESS =     0.0
 Etot   =        52.0549  EKtot   =       103.6707  EPtot      =       -51.6157
 BOND   =        20.7038  ANGLE   =        52.8300  DIHED      =        85.9973
 1-4 NB =        27.1116  1-4 EEL =       860.0501  VDWAALS    =       -24.1809
 EELEC  =      -863.9422  EGB     =      -210.1854  RESTRAINT  =         0.0000
 ------------------------------------------------------------------------------

| RE_POSITION Moving by   1.556707 -0.562667 -0.635150

 NSTEP =    40000   TIME(PS) =    2100.000  TEMP(K) =   280.31  PRESS =     0.0
 Etot   =        45.6083  EKtot   =        85.5054  EPtot      =       -39.8971
 BOND   =        23.2646  ANGLE   =        68.8038  DIHED      =        85.2609
 1-4 NB =        29.0848  1-4 EEL =       848.9452  VDWAALS    =       -27.4135
 EELEC  =      -852.7485  EGB     =      -215.0943  RESTRAINT  =         0.0000
 ------------------------------------------------------------------------------


 NSTEP =    40500   TIME(PS) =    2101.000  TEMP(K) =   348.35  PRESS =     0.0
 Etot   =        53.3514  EKtot   =       106.2591  EPtot      =       -52.9077
 BOND   =        26.8077  ANGLE   =        54.1044  DIHED      =        91.1111
 1-4 NB =        21.7547  1-4 EEL =       854.2728  VDWAALS    =       -31.0482
 EELEC  =      -868.3718  EGB     =      -201.5384  RESTRAINT  =         0.0000
 ------------------------------------------------------------------------------

| RE_POSITION Moving by   1.018359  0.369260 -0.294777

 NSTEP =    41000   TIME(PS) =    2102.000  TEMP(K) =   316.03  PRESS =     0.0
 Etot   =        38.7945  EKtot   =        96.4007  EPtot      =       -57.6063
 BOND   =        20.5723  ANGLE   =        52.8802  DIHED      =        92.5242
 1-4 NB =        22.5110  1-4 EEL =       860.8074  VDWAALS    =       -33.0182
 EELEC  =      -862.3737  EGB     =      -211.5095  RESTRAINT  =         0.0000
 ------------------------------------------------------------------------------


 NSTEP =    41500   TIME(PS) =    2103.000  TEMP(K) =   322.53  PRESS =     0.0
 Etot   =        52.2693  EKtot   =        98.3817  EPtot      =       -46.1124
 BOND   =        24.7089  ANGLE   =        53.9817  DIHED      =        96.7702
 1-4 NB =        23.7394  1-4 EEL =       860.0669  VDWAALS    =       -34.2495
 EELEC  =      -852.1264  EGB     =      -219.0036  RESTRAINT  =         0.0000
 ------------------------------------------------------------------------------

| RE_POSITION Moving by  -1.826366 -0.469492 -0.922740

 NSTEP =    42000   TIME(PS) =    2104.000  TEMP(K) =   333.50  PRESS =     0.0
 Etot   =        46.5112  EKtot   =       101.7302  EPtot      =       -55.2190
 BOND   =        16.8575  ANGLE   =        57.5269  DIHED      =        90.9764
 1-4 NB =        29.5130  1-4 EEL =       878.3963  VDWAALS    =       -36.6643
 EELEC  =      -879.2361  EGB     =      -212.5887  RESTRAINT  =         0.0000
 ------------------------------------------------------------------------------


 NSTEP =    42500   TIME(PS) =    2105.000  TEMP(K) =   325.71  PRESS =     0.0
 Etot   =        50.7273  EKtot   =        99.3523  EPtot      =       -48.6250
 BOND   =        27.1912  ANGLE   =        53.0309  DIHED      =        93.8941
 1-4 NB =        23.8836  1-4 EEL =       870.2377  VDWAALS    =       -34.7451
 EELEC  =      -866.8801  EGB     =      -215.2374  RESTRAINT  =         0.0000
 ------------------------------------------------------------------------------

